<?xml version="1.0" encoding="UTF-8"?>
<testng-results skipped="0" failed="0" total="1" passed="1">
  <reporter-output>
  </reporter-output>
  <suite name="Default suite" duration-ms="2342" started-at="2019-08-17T12:51:40Z" finished-at="2019-08-17T12:51:42Z">
    <groups>
    </groups>
    <test name="Default test" duration-ms="2342" started-at="2019-08-17T12:51:40Z" finished-at="2019-08-17T12:51:42Z">
      <class name="com.qa.tests.PostAPITest">
        <test-method status="PASS" signature="setUP()[pri:0, instance:com.qa.tests.PostAPITest@1efbd816]" name="setUP" is-config="true" duration-ms="8" started-at="2019-08-17T18:21:40Z" finished-at="2019-08-17T18:21:40Z">
          <reporter-output>
          </reporter-output>
        </test-method> <!-- setUP -->
        <test-method status="PASS" signature="postAPITest()[pri:0, instance:com.qa.tests.PostAPITest@1efbd816]" name="postAPITest" duration-ms="2309" started-at="2019-08-17T18:21:40Z" finished-at="2019-08-17T18:21:42Z">
          <reporter-output>
          </reporter-output>
        </test-method> <!-- postAPITest -->
      </class> <!-- com.qa.tests.PostAPITest -->
    </test> <!-- Default test -->
  </suite> <!-- Default suite -->
</testng-results>
